  main.cpp
I:\Project\Visual C++\SFML\Путь домой\Путь домой\worklibgame.h(3,10): warning C4067: непредвиденные лексемы за директивой препроцессора, требуется newline
I:\Project\Visual C++\SFML\Путь домой\Путь домой\main.cpp(5,15): warning C4244: аргумент: преобразование "time_t" в "unsigned int", возможна потеря данных
I:\Project\Visual C++\SFML\Путь домой\Путь домой\main.cpp(52,25): warning C4305: аргумент: усечение из "double" в "float"
I:\Project\Visual C++\SFML\Путь домой\Путь домой\main.cpp(64,31): warning C4305: аргумент: усечение из "double" в "float"
I:\Project\Visual C++\SFML\Путь домой\Путь домой\main.cpp(75,53): warning C4244: =: преобразование "sf::Int64" в "float", возможна потеря данных
I:\Project\Visual C++\SFML\Путь домой\Путь домой\main.cpp(90,112): warning C4244: =: преобразование "double" в "T", возможна потеря данных
          with
          [
              T=float
          ]
I:\Project\Visual C++\SFML\Путь домой\Путь домой\main.cpp(92,114): warning C4244: =: преобразование "double" в "T", возможна потеря данных
          with
          [
              T=float
          ]
I:\Project\Visual C++\SFML\Путь домой\Путь домой\main.cpp(93,112): warning C4244: =: преобразование "double" в "T", возможна потеря данных
          with
          [
              T=float
          ]
I:\Project\Visual C++\SFML\Путь домой\Путь домой\main.cpp(94,111): warning C4244: =: преобразование "double" в "T", возможна потеря данных
          with
          [
              T=float
          ]
I:\Project\Visual C++\SFML\Путь домой\Путь домой\main.cpp(140,35): warning C4244: аргумент: преобразование "double" в "float", возможна потеря данных
I:\Project\Visual C++\SFML\Путь домой\Путь домой\main.cpp(143,36): warning C4244: аргумент: преобразование "double" в "float", возможна потеря данных
  Meteor.cpp
  worklibgame.cpp
I:\Project\Visual C++\SFML\Путь домой\Путь домой\worklibgame.h(3,10): warning C4067: непредвиденные лексемы за директивой препроцессора, требуется newline
  Создание кода...
main.obj : error LNK2019: ссылка на неразрешенный внешний символ "__declspec(dllimport) public: __int64 __thiscall sf::Time::asMicroseconds(void)const " (__imp_?asMicroseconds@Time@sf@@QBE_JXZ) в функции _main.
main.obj : error LNK2019: ссылка на неразрешенный внешний символ "__declspec(dllimport) class sf::Time __cdecl sf::milliseconds(int)" (__imp_?milliseconds@sf@@YA?AVTime@1@H@Z) в функции _main.
main.obj : error LNK2019: ссылка на неразрешенный внешний символ "__declspec(dllimport) bool __cdecl sf::operator>(class sf::Time,class sf::Time)" (__imp_??Osf@@YA_NVTime@0@0@Z) в функции _main.
main.obj : error LNK2019: ссылка на неразрешенный внешний символ "__declspec(dllimport) public: __thiscall sf::Clock::Clock(void)" (__imp_??0Clock@sf@@QAE@XZ) в функции _main.
main.obj : error LNK2019: ссылка на неразрешенный внешний символ "__declspec(dllimport) public: class sf::Time __thiscall sf::Clock::getElapsedTime(void)const " (__imp_?getElapsedTime@Clock@sf@@QBE?AVTime@2@XZ) в функции _main.
main.obj : error LNK2019: ссылка на неразрешенный внешний символ "__declspec(dllimport) public: class sf::Time __thiscall sf::Clock::restart(void)" (__imp_?restart@Clock@sf@@QAE?AVTime@2@XZ) в функции _main.
main.obj : error LNK2019: ссылка на неразрешенный внешний символ "__declspec(dllimport) public: __thiscall sf::String::String(wchar_t const *)" (__imp_??0String@sf@@QAE@PB_W@Z) в функции _main.
main.obj : error LNK2019: ссылка на неразрешенный внешний символ "__declspec(dllimport) public: __thiscall sf::String::~String(void)" (__imp_??1String@sf@@QAE@XZ) в функции _main.
main.obj : error LNK2019: ссылка на неразрешенный внешний символ "__declspec(dllimport) public: __thiscall sf::VideoMode::VideoMode(unsigned int,unsigned int,unsigned int)" (__imp_??0VideoMode@sf@@QAE@III@Z) в функции _main.
main.obj : error LNK2019: ссылка на неразрешенный внешний символ "__declspec(dllimport) public: void __thiscall sf::Window::close(void)" (__imp_?close@Window@sf@@QAEXXZ) в функции _main.
main.obj : error LNK2019: ссылка на неразрешенный внешний символ "__declspec(dllimport) public: bool __thiscall sf::Window::isOpen(void)const " (__imp_?isOpen@Window@sf@@QBE_NXZ) в функции _main.
main.obj : error LNK2019: ссылка на неразрешенный внешний символ "__declspec(dllimport) public: bool __thiscall sf::Window::pollEvent(class sf::Event &)" (__imp_?pollEvent@Window@sf@@QAE_NAAVEvent@2@@Z) в функции _main.
main.obj : error LNK2019: ссылка на неразрешенный внешний символ "__declspec(dllimport) public: void __thiscall sf::Window::setIcon(unsigned int,unsigned int,unsigned char const *)" (__imp_?setIcon@Window@sf@@QAEXIIPBE@Z) в функции _main.
main.obj : error LNK2019: ссылка на неразрешенный внешний символ "__declspec(dllimport) public: void __thiscall sf::Window::display(void)" (__imp_?display@Window@sf@@QAEXXZ) в функции _main.
main.obj : error LNK2019: ссылка на неразрешенный внешний символ "__declspec(dllimport) public: void __thiscall sf::Transformable::setPosition(float,float)" (__imp_?setPosition@Transformable@sf@@QAEXMM@Z) в функции _main.
worklibgame.obj : error LNK2001: неразрешенный внешний символ "__declspec(dllimport) public: void __thiscall sf::Transformable::setPosition(float,float)" (__imp_?setPosition@Transformable@sf@@QAEXMM@Z).
main.obj : error LNK2019: ссылка на неразрешенный внешний символ "__declspec(dllimport) public: void __thiscall sf::Transformable::setPosition(class sf::Vector2<float> const &)" (__imp_?setPosition@Transformable@sf@@QAEXABV?$Vector2@M@2@@Z) в функции _main.
Meteor.obj : error LNK2001: неразрешенный внешний символ "__declspec(dllimport) public: void __thiscall sf::Transformable::setPosition(class sf::Vector2<float> const &)" (__imp_?setPosition@Transformable@sf@@QAEXABV?$Vector2@M@2@@Z).
main.obj : error LNK2019: ссылка на неразрешенный внешний символ "__declspec(dllimport) public: class sf::Vector2<float> const & __thiscall sf::Transformable::getPosition(void)const " (__imp_?getPosition@Transformable@sf@@QBEABV?$Vector2@M@2@XZ) в функции _main.
Meteor.obj : error LNK2001: неразрешенный внешний символ "__declspec(dllimport) public: class sf::Vector2<float> const & __thiscall sf::Transformable::getPosition(void)const " (__imp_?getPosition@Transformable@sf@@QBEABV?$Vector2@M@2@XZ).
worklibgame.obj : error LNK2001: неразрешенный внешний символ "__declspec(dllimport) public: class sf::Vector2<float> const & __thiscall sf::Transformable::getPosition(void)const " (__imp_?getPosition@Transformable@sf@@QBEABV?$Vector2@M@2@XZ).
main.obj : error LNK2019: ссылка на неразрешенный внешний символ "__declspec(dllimport) public: void __thiscall sf::Transformable::move(float,float)" (__imp_?move@Transformable@sf@@QAEXMM@Z) в функции _main.
Meteor.obj : error LNK2001: неразрешенный внешний символ "__declspec(dllimport) public: void __thiscall sf::Transformable::move(float,float)" (__imp_?move@Transformable@sf@@QAEXMM@Z).
main.obj : error LNK2019: ссылка на неразрешенный внешний символ "__declspec(dllimport) public: void __thiscall sf::Transformable::scale(float,float)" (__imp_?scale@Transformable@sf@@QAEXMM@Z) в функции _main.
main.obj : error LNK2019: ссылка на неразрешенный внешний символ "__declspec(dllimport) public: __thiscall sf::Color::Color(unsigned char,unsigned char,unsigned char,unsigned char)" (__imp_??0Color@sf@@QAE@EEEE@Z) в функции _main.
main.obj : error LNK2019: ссылка на неразрешенный внешний символ "__declspec(dllimport) public: void __thiscall sf::Shape::setTexture(class sf::Texture const *,bool)" (__imp_?setTexture@Shape@sf@@QAEXPBVTexture@2@_N@Z) в функции _main.
main.obj : error LNK2019: ссылка на неразрешенный внешний символ "__declspec(dllimport) public: __thiscall sf::Image::Image(void)" (__imp_??0Image@sf@@QAE@XZ) в функции _main.
main.obj : error LNK2019: ссылка на неразрешенный внешний символ "__declspec(dllimport) public: __thiscall sf::Image::~Image(void)" (__imp_??1Image@sf@@QAE@XZ) в функции _main.
main.obj : error LNK2019: ссылка на неразрешенный внешний символ "__declspec(dllimport) public: bool __thiscall sf::Image::loadFromFile(class std::basic_string<char,struct std::char_traits<char>,class std::allocator<char> > const &)" (__imp_?loadFromFile@Image@sf@@QAE_NABV?$basic_string@DU?$char_traits@D@std@@V?$allocator@D@2@@std@@@Z) в функции _main.
main.obj : error LNK2019: ссылка на неразрешенный внешний символ "__declspec(dllimport) public: unsigned char const * __thiscall sf::Image::getPixelsPtr(void)const " (__imp_?getPixelsPtr@Image@sf@@QBEPBEXZ) в функции _main.
main.obj : error LNK2019: ссылка на неразрешенный внешний символ "__declspec(dllimport) public: __thiscall sf::Texture::Texture(void)" (__imp_??0Texture@sf@@QAE@XZ) в функции _main.
Meteor.obj : error LNK2001: неразрешенный внешний символ "__declspec(dllimport) public: __thiscall sf::Texture::Texture(void)" (__imp_??0Texture@sf@@QAE@XZ).
main.obj : error LNK2019: ссылка на неразрешенный внешний символ "__declspec(dllimport) public: __thiscall sf::Texture::~Texture(void)" (__imp_??1Texture@sf@@QAE@XZ) в функции _main.
Meteor.obj : error LNK2001: неразрешенный внешний символ "__declspec(dllimport) public: __thiscall sf::Texture::~Texture(void)" (__imp_??1Texture@sf@@QAE@XZ).
main.obj : error LNK2019: ссылка на неразрешенный внешний символ "__declspec(dllimport) public: bool __thiscall sf::Texture::loadFromFile(class std::basic_string<char,struct std::char_traits<char>,class std::allocator<char> > const &,class sf::Rect<int> const &)" (__imp_?loadFromFile@Texture@sf@@QAE_NABV?$basic_string@DU?$char_traits@D@std@@V?$allocator@D@2@@std@@ABV?$Rect@H@2@@Z) в функции _main.
Meteor.obj : error LNK2001: неразрешенный внешний символ "__declspec(dllimport) public: bool __thiscall sf::Texture::loadFromFile(class std::basic_string<char,struct std::char_traits<char>,class std::allocator<char> > const &,class sf::Rect<int> const &)" (__imp_?loadFromFile@Texture@sf@@QAE_NABV?$basic_string@DU?$char_traits@D@std@@V?$allocator@D@2@@std@@ABV?$Rect@H@2@@Z).
main.obj : error LNK2019: ссылка на неразрешенный внешний символ "__declspec(dllimport) public: __thiscall sf::RectangleShape::RectangleShape(class sf::Vector2<float> const &)" (__imp_??0RectangleShape@sf@@QAE@ABV?$Vector2@M@1@@Z) в функции _main.
main.obj : error LNK2019: ссылка на неразрешенный внешний символ "__declspec(dllimport) public: virtual __thiscall sf::RectangleShape::~RectangleShape(void)" (__imp_??1RectangleShape@sf@@UAE@XZ) в функции _main.
main.obj : error LNK2019: ссылка на неразрешенный внешний символ "__declspec(dllimport) public: void __thiscall sf::RenderTarget::clear(class sf::Color const &)" (__imp_?clear@RenderTarget@sf@@QAEXABVColor@2@@Z) в функции _main.
main.obj : error LNK2019: ссылка на неразрешенный внешний символ "__declspec(dllimport) public: void __thiscall sf::RenderTarget::draw(class sf::Drawable const &,class sf::RenderStates const &)" (__imp_?draw@RenderTarget@sf@@QAEXABVDrawable@2@ABVRenderStates@2@@Z) в функции _main.
Meteor.obj : error LNK2001: неразрешенный внешний символ "__declspec(dllimport) public: void __thiscall sf::RenderTarget::draw(class sf::Drawable const &,class sf::RenderStates const &)" (__imp_?draw@RenderTarget@sf@@QAEXABVDrawable@2@ABVRenderStates@2@@Z).
main.obj : error LNK2019: ссылка на неразрешенный внешний символ "__declspec(dllimport) public: __thiscall sf::RenderWindow::RenderWindow(class sf::VideoMode,class sf::String const &,unsigned int,struct sf::ContextSettings const &)" (__imp_??0RenderWindow@sf@@QAE@VVideoMode@1@ABVString@1@IABUContextSettings@1@@Z) в функции _main.
main.obj : error LNK2019: ссылка на неразрешенный внешний символ "__declspec(dllimport) public: virtual __thiscall sf::RenderWindow::~RenderWindow(void)" (__imp_??1RenderWindow@sf@@UAE@XZ) в функции _main.
main.obj : error LNK2019: ссылка на неразрешенный внешний символ "__declspec(dllimport) public: __thiscall sf::Sprite::Sprite(void)" (__imp_??0Sprite@sf@@QAE@XZ) в функции _main.
Meteor.obj : error LNK2001: неразрешенный внешний символ "__declspec(dllimport) public: __thiscall sf::Sprite::Sprite(void)" (__imp_??0Sprite@sf@@QAE@XZ).
main.obj : error LNK2019: ссылка на неразрешенный внешний символ "__declspec(dllimport) public: void __thiscall sf::Sprite::setTexture(class sf::Texture const &,bool)" (__imp_?setTexture@Sprite@sf@@QAEXABVTexture@2@_N@Z) в функции _main.
Meteor.obj : error LNK2001: неразрешенный внешний символ "__declspec(dllimport) public: void __thiscall sf::Sprite::setTexture(class sf::Texture const &,bool)" (__imp_?setTexture@Sprite@sf@@QAEXABVTexture@2@_N@Z).
main.obj : error LNK2019: ссылка на неразрешенный внешний символ "__declspec(dllimport) public: void __thiscall sf::Sprite::setTextureRect(class sf::Rect<int> const &)" (__imp_?setTextureRect@Sprite@sf@@QAEXABV?$Rect@H@2@@Z) в функции _main.
Meteor.obj : error LNK2001: неразрешенный внешний символ "__declspec(dllimport) public: void __thiscall sf::Sprite::setTextureRect(class sf::Rect<int> const &)" (__imp_?setTextureRect@Sprite@sf@@QAEXABV?$Rect@H@2@@Z).
worklibgame.obj : error LNK2001: неразрешенный внешний символ "__declspec(dllimport) public: void __thiscall sf::Sprite::setTextureRect(class sf::Rect<int> const &)" (__imp_?setTextureRect@Sprite@sf@@QAEXABV?$Rect@H@2@@Z).
main.obj : error LNK2019: ссылка на неразрешенный внешний символ "__declspec(dllimport) public: class sf::Rect<float> __thiscall sf::Sprite::getGlobalBounds(void)const " (__imp_?getGlobalBounds@Sprite@sf@@QBE?AV?$Rect@M@2@XZ) в функции _main.
Meteor.obj : error LNK2001: неразрешенный внешний символ "__declspec(dllimport) public: class sf::Rect<float> __thiscall sf::Sprite::getGlobalBounds(void)const " (__imp_?getGlobalBounds@Sprite@sf@@QBE?AV?$Rect@M@2@XZ).
main.obj : error LNK2019: ссылка на неразрешенный внешний символ "__declspec(dllimport) public: virtual __thiscall sf::Sprite::~Sprite(void)" (__imp_??1Sprite@sf@@UAE@XZ) в функции _main.
Meteor.obj : error LNK2001: неразрешенный внешний символ "__declspec(dllimport) public: virtual __thiscall sf::Sprite::~Sprite(void)" (__imp_??1Sprite@sf@@UAE@XZ).
main.obj : error LNK2019: ссылка на неразрешенный внешний символ "__declspec(dllimport) public: static class sf::RenderStates const sf::RenderStates::Default" (__imp_?Default@RenderStates@sf@@2V12@B) в функции _main.
Meteor.obj : error LNK2001: неразрешенный внешний символ "__declspec(dllimport) public: static class sf::RenderStates const sf::RenderStates::Default" (__imp_?Default@RenderStates@sf@@2V12@B).
Meteor.obj : error LNK2019: ссылка на неразрешенный внешний символ "__declspec(dllimport) public: void __thiscall sf::Transformable::setScale(float,float)" (__imp_?setScale@Transformable@sf@@QAEXMM@Z) в функции "public: void __thiscall Meteor::restart(void)" (?restart@Meteor@@QAEXXZ).
worklibgame.obj : error LNK2019: ссылка на неразрешенный внешний символ "__declspec(dllimport) public: void __thiscall sf::Transformable::move(class sf::Vector2<float> const &)" (__imp_?move@Transformable@sf@@QAEXABV?$Vector2@M@2@@Z) в функции "void __cdecl playermove(class sf::Sprite &,class sf::Vector2<float> &)" (?playermove@@YAXAAVSprite@sf@@AAV?$Vector2@M@2@@Z).
I:\Project\Visual C++\SFML\Путь домой\Путь домой\Debug\Путь домой.exe : fatal error LNK1120: неразрешенных внешних элементов: 42
